<?xml version="1.0" encoding="UTF-8"?>
<!-- Generated by org.testng.reporters.JUnitXMLReporter -->
<testsuite hostname="Matrix" ignored="0" name="Test" tests="6" failures="0" timestamp="01 Jul 2019 15:06:05 GMT" time="0.048" errors="0">
  <testcase name="deleteTwitter" time="0.01" classname="qaclickacademy.RestAPITest"/>
  <testcase name="postJira" time="0.0" classname="qaclickacademy.RestAPITest"/>
  <testcase name="AndroidApp" time="0.001" classname="qaclickacademy.AppiumTest"/>
  <testcase name="NativeApp" time="0.0" classname="qaclickacademy.AppiumTest"/>
  <testcase name="Browser" time="0.0" classname="qaclickacademy.SeleniumCodeTest"/>
  <testcase name="elementUI" time="0.0" classname="qaclickacademy.SeleniumCodeTest"/>
</testsuite> <!-- Test -->
